  cCamera.cpp
  cMesh.cpp
cMesh.cpp(27): warning C4244: 'argument': conversion from 'int' to 'float', possible loss of data
cMesh.cpp(34): warning C4267: 'argument': conversion from 'size_t' to 'GLsizei', possible loss of data
  cModel.cpp
cModel.cpp(36): warning C4018: '<': signed/unsigned mismatch
cModel.cpp(42): warning C4018: '<': signed/unsigned mismatch
cModel.cpp(54): warning C4018: '<': signed/unsigned mismatch
cModel.cpp(79): warning C4018: '<': signed/unsigned mismatch
cModel.cpp(82): warning C4018: '<': signed/unsigned mismatch
cModel.cpp(103): warning C4018: '<': signed/unsigned mismatch
  cShader.cpp
cShader.cpp(40): warning C4267: '=': conversion from 'size_t' to 'unsigned int', possible loss of data
cShader.cpp(55): warning C4267: 'initializing': conversion from 'size_t' to 'unsigned int', possible loss of data
  cShaderProgram.cpp
  main.cpp
main.cpp(214): warning C4244: 'initializing': conversion from 'double' to 'float', possible loss of data
main.cpp(398): warning C4244: '=': conversion from 'double' to 'float', possible loss of data
main.cpp(399): warning C4244: '=': conversion from 'double' to 'float', possible loss of data
main.cpp(403): warning C4244: 'initializing': conversion from 'double' to 'float', possible loss of data
main.cpp(404): warning C4244: 'initializing': conversion from 'double' to 'float', possible loss of data
main.cpp(405): warning C4244: '=': conversion from 'double' to 'float', possible loss of data
main.cpp(406): warning C4244: '=': conversion from 'double' to 'float', possible loss of data
main.cpp(413): warning C4244: 'argument': conversion from 'double' to 'float', possible loss of data
  glad.c
LINK : warning LNK4098: defaultlib 'LIBCMT' conflicts with use of other libs; use /NODEFAULTLIB:library
  Generating code
  All 1010 functions were compiled because no usable IPDB/IOBJ from previous compilation was found.
  Finished generating code
  OpenGLTutorial01.vcxproj -> C:\Users\alexm\Documents\Game Development - Advanced Programming 2017\LearnOpenGL\OpenGLTutorial01\x64\Release\OpenGLTutorial01.exe
