c:\users\alexm\documents\game development - advanced programming 2017\learnopengl\opengltutorial01\opengltutorial01\x64\debug\vc141.pdb
c:\users\alexm\documents\game development - advanced programming 2017\learnopengl\opengltutorial01\opengltutorial01\x64\debug\vc141.idb
c:\users\alexm\documents\game development - advanced programming 2017\learnopengl\opengltutorial01\opengltutorial01\x64\debug\ccamera.obj
c:\users\alexm\documents\game development - advanced programming 2017\learnopengl\opengltutorial01\opengltutorial01\x64\debug\cmesh.obj
c:\users\alexm\documents\game development - advanced programming 2017\learnopengl\opengltutorial01\opengltutorial01\x64\debug\cmodel.obj
c:\users\alexm\documents\game development - advanced programming 2017\learnopengl\opengltutorial01\opengltutorial01\x64\debug\cshader.obj
c:\users\alexm\documents\game development - advanced programming 2017\learnopengl\opengltutorial01\opengltutorial01\x64\debug\cshaderprogram.obj
c:\users\alexm\documents\game development - advanced programming 2017\learnopengl\opengltutorial01\opengltutorial01\x64\debug\main.obj
c:\users\alexm\documents\game development - advanced programming 2017\learnopengl\opengltutorial01\opengltutorial01\x64\debug\glad.obj
c:\users\alexm\documents\game development - advanced programming 2017\learnopengl\opengltutorial01\x64\debug\opengltutorial01.pdb
c:\users\alexm\documents\game development - advanced programming 2017\learnopengl\opengltutorial01\opengltutorial01\x64\debug\opengltutorial01.tlog\cl.command.1.tlog
c:\users\alexm\documents\game development - advanced programming 2017\learnopengl\opengltutorial01\opengltutorial01\x64\debug\opengltutorial01.tlog\cl.read.1.tlog
c:\users\alexm\documents\game development - advanced programming 2017\learnopengl\opengltutorial01\opengltutorial01\x64\debug\opengltutorial01.tlog\cl.write.1.tlog
c:\users\alexm\documents\game development - advanced programming 2017\learnopengl\opengltutorial01\opengltutorial01\x64\debug\opengltutorial01.tlog\link-cvtres.read.1.tlog
c:\users\alexm\documents\game development - advanced programming 2017\learnopengl\opengltutorial01\opengltutorial01\x64\debug\opengltutorial01.tlog\link-cvtres.write.1.tlog
c:\users\alexm\documents\game development - advanced programming 2017\learnopengl\opengltutorial01\opengltutorial01\x64\debug\opengltutorial01.tlog\link-rc.read.1.tlog
c:\users\alexm\documents\game development - advanced programming 2017\learnopengl\opengltutorial01\opengltutorial01\x64\debug\opengltutorial01.tlog\link-rc.write.1.tlog
c:\users\alexm\documents\game development - advanced programming 2017\learnopengl\opengltutorial01\opengltutorial01\x64\debug\opengltutorial01.tlog\link.command.1.tlog
c:\users\alexm\documents\game development - advanced programming 2017\learnopengl\opengltutorial01\opengltutorial01\x64\debug\opengltutorial01.tlog\link.read.1.tlog
c:\users\alexm\documents\game development - advanced programming 2017\learnopengl\opengltutorial01\opengltutorial01\x64\debug\opengltutorial01.tlog\link.write.1.tlog
